<?xml version="1.0" encoding="UTF-8"?>
<!-- Generated by org.testng.reporters.JUnitReportReporter -->
<testsuite skipped="0" hostname="L-156180933" name="com.hybrid.testcases.GenericUIValidation" tests="4" failures="0" timestamp="2021-02-02T18:43:32 IST" time="26.512" errors="0">
  <testcase name="tearDown" time="0.003" classname="com.hybrid.testcases.GenericUIValidation"/>
  <system-out/>
  <testcase name="a_LoginCrendentials" time="1.400" classname="com.hybrid.testcases.GenericUIValidation"/>
  <system-out/>
  <testcase name="b_loginClick" time="10.641" classname="com.hybrid.testcases.GenericUIValidation"/>
  <system-out/>
  <testcase name="e_SelectingPortfolio" time="14.468" classname="com.hybrid.testcases.GenericUIValidation"/>
  <system-out/>
</testsuite> <!-- com.hybrid.testcases.GenericUIValidation -->
