<?xml version="1.0" encoding="UTF-8"?>
<!-- Generated by org.testng.reporters.JUnitReportReporter -->
<testsuite skipped="0" hostname="L-156180933" name="com.hybrid.testcases.LoginFunctionality" tests="7" failures="0" timestamp="2021-01-27T12:43:30 IST" time="48.236" errors="0">
  <testcase name="b_loginClick" time="11.628" classname="com.hybrid.testcases.LoginFunctionality"/>
  <system-out/>
  <testcase name="c_ProgramCreation" time="1.961" classname="com.hybrid.testcases.LoginFunctionality"/>
  <system-out/>
  <testcase name="e_validateCreatedProgramAndClosetheProgram" time="10.675" classname="com.hybrid.testcases.LoginFunctionality"/>
  <system-out/>
  <testcase name="a_LoginCrendentials" time="1.615" classname="com.hybrid.testcases.LoginFunctionality"/>
  <system-out/>
  <testcase name="g_logOut" time="1.200" classname="com.hybrid.testcases.LoginFunctionality"/>
  <system-out/>
  <testcase name="d_enteringDataInProgramCreationForm" time="15.478" classname="com.hybrid.testcases.LoginFunctionality"/>
  <system-out/>
  <testcase name="f_validatePopupInProgramCreationForm" time="5.679" classname="com.hybrid.testcases.LoginFunctionality"/>
  <system-out/>
</testsuite> <!-- com.hybrid.testcases.LoginFunctionality -->
