<?xml version="1.0" encoding="UTF-8"?>
<!-- Generated by org.testng.reporters.JUnitReportReporter -->
<testsuite skipped="7" hostname="L-156180933" name="com.hybrid.testcases.LoginFunctionality" tests="8" failures="0" timestamp="2021-02-06T11:30:06 IST" time="0.242" errors="1">
  <testcase name="a_LoginCrendentials" time="0.000" classname="com.hybrid.testcases.LoginFunctionality">
    <skipped/>
  </testcase> <!-- a_LoginCrendentials -->
  <system-out/>
  <testcase name="e_validateCreatedProgramAndClosetheProgram" time="0.000" classname="com.hybrid.testcases.LoginFunctionality">
    <skipped/>
  </testcase> <!-- e_validateCreatedProgramAndClosetheProgram -->
  <system-out/>
  <testcase name="setUp" time="0.242" classname="com.hybrid.testcases.LoginFunctionality">
    <error type="java.lang.IllegalStateException" message="The path to the driver executable must be set by the webdriver.gecko.driver system property; for more information, see https://github.com/mozilla/geckodriver. The latest version can be downloaded from https://github.com/mozilla/geckodriver/releases">
      <![CDATA[java.lang.IllegalStateException: The path to the driver executable must be set by the webdriver.gecko.driver system property; for more information, see https://github.com/mozilla/geckodriver. The latest version can be downloaded from https://github.com/mozilla/geckodriver/releases
at com.google.common.base.Preconditions.checkState(Preconditions.java:847)
at org.openqa.selenium.remote.service.DriverService.findExecutable(DriverService.java:134)
at org.openqa.selenium.firefox.GeckoDriverService.access$100(GeckoDriverService.java:44)
at org.openqa.selenium.firefox.GeckoDriverService$Builder.findDefaultExecutable(GeckoDriverService.java:167)
at org.openqa.selenium.remote.service.DriverService$Builder.build(DriverService.java:355)
at org.openqa.selenium.firefox.FirefoxDriver.toExecutor(FirefoxDriver.java:190)
at org.openqa.selenium.firefox.FirefoxDriver.<init>(FirefoxDriver.java:147)
at org.openqa.selenium.firefox.FirefoxDriver.<init>(FirefoxDriver.java:125)
at com.hybrid.baseclass.Base.initialization(Base.java:53)
at com.hybrid.testcases.LoginFunctionality.setUp(LoginFunctionality.java:41)
at sun.reflect.NativeMethodAccessorImpl.invoke0(Native Method)
at sun.reflect.NativeMethodAccessorImpl.invoke(NativeMethodAccessorImpl.java:62)
at sun.reflect.DelegatingMethodAccessorImpl.invoke(DelegatingMethodAccessorImpl.java:43)
at java.lang.reflect.Method.invoke(Method.java:498)
at org.testng.internal.MethodInvocationHelper.invokeMethod(MethodInvocationHelper.java:132)
at org.testng.internal.MethodInvocationHelper.invokeMethodConsideringTimeout(MethodInvocationHelper.java:61)
at org.testng.internal.ConfigInvoker.invokeConfigurationMethod(ConfigInvoker.java:366)
at org.testng.internal.ConfigInvoker.invokeConfigurations(ConfigInvoker.java:320)
at org.testng.TestRunner.invokeTestConfigurations(TestRunner.java:617)
at org.testng.TestRunner.beforeRun(TestRunner.java:607)
at org.testng.TestRunner.run(TestRunner.java:578)
at org.testng.SuiteRunner.runTest(SuiteRunner.java:384)
at org.testng.SuiteRunner.runSequentially(SuiteRunner.java:378)
at org.testng.SuiteRunner.privateRun(SuiteRunner.java:337)
at org.testng.SuiteRunner.run(SuiteRunner.java:286)
at org.testng.SuiteRunnerWorker.runSuite(SuiteRunnerWorker.java:53)
at org.testng.SuiteRunnerWorker.run(SuiteRunnerWorker.java:96)
at org.testng.TestNG.runSuitesSequentially(TestNG.java:1218)
at org.testng.TestNG.runSuitesLocally(TestNG.java:1140)
at org.testng.TestNG.runSuites(TestNG.java:1069)
at org.testng.TestNG.run(TestNG.java:1037)
at org.testng.remote.AbstractRemoteTestNG.run(AbstractRemoteTestNG.java:115)
at org.testng.remote.RemoteTestNG.initAndRun(RemoteTestNG.java:251)
at org.testng.remote.RemoteTestNG.main(RemoteTestNG.java:77)
]]>
    </error>
  </testcase> <!-- setUp -->
  <system-out/>
  <testcase name="c_ProgramCreation" time="0.000" classname="com.hybrid.testcases.LoginFunctionality">
    <skipped/>
  </testcase> <!-- c_ProgramCreation -->
  <system-out/>
  <testcase name="f_validatePopupInProgramCreationForm" time="0.000" classname="com.hybrid.testcases.LoginFunctionality">
    <skipped/>
  </testcase> <!-- f_validatePopupInProgramCreationForm -->
  <system-out/>
  <testcase name="d_enteringDataInProgramCreationForm" time="0.000" classname="com.hybrid.testcases.LoginFunctionality">
    <skipped/>
  </testcase> <!-- d_enteringDataInProgramCreationForm -->
  <system-out/>
  <testcase name="b_loginClick" time="0.000" classname="com.hybrid.testcases.LoginFunctionality">
    <skipped/>
  </testcase> <!-- b_loginClick -->
  <system-out/>
  <testcase name="g_logOut" time="0.000" classname="com.hybrid.testcases.LoginFunctionality">
    <skipped/>
  </testcase> <!-- g_logOut -->
  <system-out/>
</testsuite> <!-- com.hybrid.testcases.LoginFunctionality -->
